<?xml version="1.0" encoding="UTF-8"?>
<testng-results skipped="0" failed="1" ignored="0" total="12" passed="11">
  <reporter-output>
  </reporter-output>
  <suite name="Surefire suite" duration-ms="150004" started-at="2023-03-29T00:00:15 EET" finished-at="2023-03-29T00:02:45 EET">
    <groups>
      <group name="cucumber">
        <method signature="AbstractTestNGCucumberTests.runScenario(io.cucumber.testng.PickleWrapper,io.cucumber.testng.FeatureWrapper)[pri:0, instance:org.example.testRunner.Runner@7d70d1b1]" name="runScenario" class="io.cucumber.testng.AbstractTestNGCucumberTests"/>
      </group> <!-- cucumber -->
    </groups>
    <test name="Surefire test" duration-ms="150004" started-at="2023-03-29T00:00:15 EET" finished-at="2023-03-29T00:02:45 EET">
      <class name="org.example.testRunner.Runner">
        <test-method status="PASS" signature="setUpClass(org.testng.ITestContext)[pri:0, instance:org.example.testRunner.Runner@7d70d1b1]" name="setUpClass" is-config="true" duration-ms="1575" started-at="2023-03-29T00:00:15 EET" finished-at="2023-03-29T00:00:17 EET">
          <params>
            <param index="0">
              <value>
                <![CDATA[org.testng.TestRunner@1cbc1dde]]>
              </value>
            </param>
          </params>
          <reporter-output>
          </reporter-output>
        </test-method> <!-- setUpClass -->
        <test-method status="PASS" signature="runScenario(io.cucumber.testng.PickleWrapper,io.cucumber.testng.FeatureWrapper)[pri:0, instance:org.example.testRunner.Runner@7d70d1b1]" name="runScenario" duration-ms="15459" started-at="2023-03-29T00:00:17 EET" description="Runs Cucumber Scenarios" data-provider="scenarios" finished-at="2023-03-29T00:00:32 EET">
          <params>
            <param index="0">
              <value>
                <![CDATA["guest user could register with valid data successfully"]]>
              </value>
            </param>
            <param index="1">
              <value>
                <![CDATA["F01_Register | users could register with new accounts"]]>
              </value>
            </param>
          </params>
          <reporter-output>
          </reporter-output>
        </test-method> <!-- runScenario -->
        <test-method status="PASS" signature="runScenario(io.cucumber.testng.PickleWrapper,io.cucumber.testng.FeatureWrapper)[pri:0, instance:org.example.testRunner.Runner@7d70d1b1]" name="runScenario" duration-ms="9239" started-at="2023-03-29T00:00:32 EET" description="Runs Cucumber Scenarios" data-provider="scenarios" finished-at="2023-03-29T00:00:42 EET">
          <params>
            <param index="0">
              <value>
                <![CDATA["valid login"]]>
              </value>
            </param>
            <param index="1">
              <value>
                <![CDATA["Login_ user could login to the system with valid account"]]>
              </value>
            </param>
          </params>
          <reporter-output>
          </reporter-output>
        </test-method> <!-- runScenario -->
        <test-method status="PASS" signature="runScenario(io.cucumber.testng.PickleWrapper,io.cucumber.testng.FeatureWrapper)[pri:0, instance:org.example.testRunner.Runner@7d70d1b1]" name="runScenario" duration-ms="10021" started-at="2023-03-29T00:00:42 EET" description="Runs Cucumber Scenarios" data-provider="scenarios" finished-at="2023-03-29T00:00:52 EET">
          <params>
            <param index="0">
              <value>
                <![CDATA["invalid login"]]>
              </value>
            </param>
            <param index="1">
              <value>
                <![CDATA["Login_ user could login to the system with valid account"]]>
              </value>
            </param>
          </params>
          <reporter-output>
          </reporter-output>
        </test-method> <!-- runScenario -->
        <test-method status="PASS" signature="runScenario(io.cucumber.testng.PickleWrapper,io.cucumber.testng.FeatureWrapper)[pri:0, instance:org.example.testRunner.Runner@7d70d1b1]" name="runScenario" duration-ms="9225" started-at="2023-03-29T00:00:52 EET" description="Runs Cucumber Scenarios" data-provider="scenarios" finished-at="2023-03-29T00:01:01 EET">
          <params>
            <param index="0">
              <value>
                <![CDATA["empty login"]]>
              </value>
            </param>
            <param index="1">
              <value>
                <![CDATA["Login_ user could login to the system with valid account"]]>
              </value>
            </param>
          </params>
          <reporter-output>
          </reporter-output>
        </test-method> <!-- runScenario -->
        <test-method status="FAIL" signature="runScenario(io.cucumber.testng.PickleWrapper,io.cucumber.testng.FeatureWrapper)[pri:0, instance:org.example.testRunner.Runner@7d70d1b1]" name="runScenario" duration-ms="13450" started-at="2023-03-29T00:01:01 EET" description="Runs Cucumber Scenarios" data-provider="scenarios" finished-at="2023-03-29T00:01:14 EET">
          <params>
            <param index="0">
              <value>
                <![CDATA["user could search using variables"]]>
              </value>
            </param>
            <param index="1">
              <value>
                <![CDATA["User searchers for elements"]]>
              </value>
            </param>
          </params>
          <exception class="java.lang.AssertionError">
            <message>
              <![CDATA[The following asserts failed:
expected [true] but found [false]]]>
            </message>
            <full-stacktrace>
              <![CDATA[java.lang.AssertionError: The following asserts failed:
expected [true] but found [false]
at org.testng.asserts.SoftAssert.assertAll(SoftAssert.java:46)
at org.testng.asserts.SoftAssert.assertAll(SoftAssert.java:30)
at org.example.stepDefintion.TC02_Search.TheProducts(TC02_Search.java:31)
at ✽.User See The Products "book"(file:///C:/Users/ahmed/IdeaProjects/ODC/src/main/resources/features/F02_Search.feature:10)
]]>
            </full-stacktrace>
          </exception> <!-- java.lang.AssertionError -->
          <reporter-output>
          </reporter-output>
        </test-method> <!-- runScenario -->
        <test-method status="PASS" signature="runScenario(io.cucumber.testng.PickleWrapper,io.cucumber.testng.FeatureWrapper)[pri:0, instance:org.example.testRunner.Runner@7d70d1b1]" name="runScenario" duration-ms="9486" started-at="2023-03-29T00:01:14 EET" description="Runs Cucumber Scenarios" data-provider="scenarios" finished-at="2023-03-29T00:01:24 EET">
          <params>
            <param index="0">
              <value>
                <![CDATA["user could search using variables"]]>
              </value>
            </param>
            <param index="1">
              <value>
                <![CDATA["User searchers for elements"]]>
              </value>
            </param>
          </params>
          <reporter-output>
          </reporter-output>
        </test-method> <!-- runScenario -->
        <test-method status="PASS" signature="runScenario(io.cucumber.testng.PickleWrapper,io.cucumber.testng.FeatureWrapper)[pri:0, instance:org.example.testRunner.Runner@7d70d1b1]" name="runScenario" duration-ms="12907" started-at="2023-03-29T00:01:24 EET" description="Runs Cucumber Scenarios" data-provider="scenarios" finished-at="2023-03-29T00:01:37 EET">
          <params>
            <param index="0">
              <value>
                <![CDATA["user could search using variables"]]>
              </value>
            </param>
            <param index="1">
              <value>
                <![CDATA["User searchers for elements"]]>
              </value>
            </param>
          </params>
          <reporter-output>
          </reporter-output>
        </test-method> <!-- runScenario -->
        <test-method status="PASS" signature="runScenario(io.cucumber.testng.PickleWrapper,io.cucumber.testng.FeatureWrapper)[pri:0, instance:org.example.testRunner.Runner@7d70d1b1]" name="runScenario" duration-ms="13858" started-at="2023-03-29T00:01:37 EET" description="Runs Cucumber Scenarios" data-provider="scenarios" finished-at="2023-03-29T00:01:51 EET">
          <params>
            <param index="0">
              <value>
                <![CDATA["user could search for products using sku"]]>
              </value>
            </param>
            <param index="1">
              <value>
                <![CDATA["User searchers for elements"]]>
              </value>
            </param>
          </params>
          <reporter-output>
          </reporter-output>
        </test-method> <!-- runScenario -->
        <test-method status="PASS" signature="runScenario(io.cucumber.testng.PickleWrapper,io.cucumber.testng.FeatureWrapper)[pri:0, instance:org.example.testRunner.Runner@7d70d1b1]" name="runScenario" duration-ms="12938" started-at="2023-03-29T00:01:51 EET" description="Runs Cucumber Scenarios" data-provider="scenarios" finished-at="2023-03-29T00:02:03 EET">
          <params>
            <param index="0">
              <value>
                <![CDATA["user could search for products using sku"]]>
              </value>
            </param>
            <param index="1">
              <value>
                <![CDATA["User searchers for elements"]]>
              </value>
            </param>
          </params>
          <reporter-output>
          </reporter-output>
        </test-method> <!-- runScenario -->
        <test-method status="PASS" signature="runScenario(io.cucumber.testng.PickleWrapper,io.cucumber.testng.FeatureWrapper)[pri:0, instance:org.example.testRunner.Runner@7d70d1b1]" name="runScenario" duration-ms="10909" started-at="2023-03-29T00:02:03 EET" description="Runs Cucumber Scenarios" data-provider="scenarios" finished-at="2023-03-29T00:02:14 EET">
          <params>
            <param index="0">
              <value>
                <![CDATA["user could search for products using sku"]]>
              </value>
            </param>
            <param index="1">
              <value>
                <![CDATA["User searchers for elements"]]>
              </value>
            </param>
          </params>
          <reporter-output>
          </reporter-output>
        </test-method> <!-- runScenario -->
        <test-method status="PASS" signature="runScenario(io.cucumber.testng.PickleWrapper,io.cucumber.testng.FeatureWrapper)[pri:0, instance:org.example.testRunner.Runner@7d70d1b1]" name="runScenario" duration-ms="14619" started-at="2023-03-29T00:02:14 EET" description="Runs Cucumber Scenarios" data-provider="scenarios" finished-at="2023-03-29T00:02:29 EET">
          <params>
            <param index="0">
              <value>
                <![CDATA["change currency"]]>
              </value>
            </param>
            <param index="1">
              <value>
                <![CDATA["Change The Currency From Dollar To Euro"]]>
              </value>
            </param>
          </params>
          <reporter-output>
          </reporter-output>
        </test-method> <!-- runScenario -->
        <test-method status="PASS" signature="runScenario(io.cucumber.testng.PickleWrapper,io.cucumber.testng.FeatureWrapper)[pri:0, instance:org.example.testRunner.Runner@7d70d1b1]" name="runScenario" duration-ms="15614" started-at="2023-03-29T00:02:29 EET" description="Runs Cucumber Scenarios" data-provider="scenarios" finished-at="2023-03-29T00:02:45 EET">
          <params>
            <param index="0">
              <value>
                <![CDATA["User can hoover on different subcategories"]]>
              </value>
            </param>
            <param index="1">
              <value>
                <![CDATA["user hover on categories"]]>
              </value>
            </param>
          </params>
          <reporter-output>
          </reporter-output>
        </test-method> <!-- runScenario -->
        <test-method status="PASS" signature="tearDownClass()[pri:0, instance:org.example.testRunner.Runner@7d70d1b1]" name="tearDownClass" is-config="true" duration-ms="598" started-at="2023-03-29T00:02:45 EET" finished-at="2023-03-29T00:02:45 EET">
          <reporter-output>
          </reporter-output>
        </test-method> <!-- tearDownClass -->
      </class> <!-- org.example.testRunner.Runner -->
    </test> <!-- Surefire test -->
  </suite> <!-- Surefire suite -->
</testng-results>
